<?xml version="1.0" encoding="UTF-8"?>
<!-- Generated by org.testng.reporters.JUnitReportReporter -->
<testsuite hostname="KI54" failures="0" tests="1" name="pagesTestCasesYasasiiWeb.Master_RoomStatusSetting_TestCaseYW" time="27.887" errors="0" timestamp="2022-08-10T16:46:18 IST" skipped="0">
  <testcase classname="pagesTestCasesYasasiiWeb.Master_RoomStatusSetting_TestCaseYW" name="Schedulesettings" time="27.887"/>
  <system-out/>
</testsuite> <!-- pagesTestCasesYasasiiWeb.Master_RoomStatusSetting_TestCaseYW -->
