<?xml version="1.0" encoding="UTF-8"?>
<!-- Generated by org.testng.reporters.JUnitReportReporter -->
<testsuite hostname="KI54" failures="0" tests="1" name="pagesTestCasesYasasiiWeb.BlockandFreezeTestCasesYW" time="78.590" errors="0" timestamp="2022-06-23T15:36:52 IST" skipped="0">
  <testcase classname="pagesTestCasesYasasiiWeb.BlockandFreezeTestCasesYW" name="OPEMR" time="78.590"/>
  <system-out/>
</testsuite> <!-- pagesTestCasesYasasiiWeb.BlockandFreezeTestCasesYW -->
