<?xml version="1.0" encoding="UTF-8"?>
<!-- Generated by org.testng.reporters.JUnitReportReporter -->
<testsuite hostname="KI54" failures="0" tests="1" name="pagesTestCasesYasasiiWeb.Security_GroupCreationTestCaseYW" time="33.842" errors="0" timestamp="2022-08-24T11:08:52 IST" skipped="0">
  <testcase classname="pagesTestCasesYasasiiWeb.Security_GroupCreationTestCaseYW" name="security" time="33.842"/>
  <system-out/>
</testsuite> <!-- pagesTestCasesYasasiiWeb.Security_GroupCreationTestCaseYW -->
