<?xml version="1.0" encoding="UTF-8"?>
<!-- Generated by org.testng.reporters.JUnitReportReporter -->
<testsuite hostname="KI54" failures="0" tests="1" name="pagesTestCasesYasasiiWeb.Masters_CategoryMaster_TestCaseYW" time="40.855" errors="0" timestamp="2022-08-26T11:05:03 IST" skipped="0">
  <testcase classname="pagesTestCasesYasasiiWeb.Masters_CategoryMaster_TestCaseYW" name="ERBirth" time="40.855"/>
  <system-out/>
</testsuite> <!-- pagesTestCasesYasasiiWeb.Masters_CategoryMaster_TestCaseYW -->
