<?xml version="1.0" encoding="UTF-8"?>
<!-- Generated by org.testng.reporters.JUnitReportReporter -->
<testsuite hostname="KI90" failures="0" tests="1" name="pagesTestCasesYasasiiWeb.MastersResourceCategoryTestCasesYW" time="26.231" errors="0" timestamp="2022-05-31T10:46:35 IST" skipped="0">
  <testcase classname="pagesTestCasesYasasiiWeb.MastersResourceCategoryTestCasesYW" name="Schedulesettings" time="26.231"/>
  <system-out/>
</testsuite> <!-- pagesTestCasesYasasiiWeb.MastersResourceCategoryTestCasesYW -->
