<?xml version="1.0" encoding="UTF-8"?>
<!-- Generated by org.testng.reporters.JUnitReportReporter -->
<testsuite hostname="KI54" failures="0" tests="1" name="pagesTestCasesYasasiiWeb.FO_ADT_AdmissionEditTestcaseYW" time="107.229" errors="0" timestamp="2022-08-10T16:20:40 IST" skipped="0">
  <testcase classname="pagesTestCasesYasasiiWeb.FO_ADT_AdmissionEditTestcaseYW" name="foReg" time="107.229"/>
  <system-out/>
</testsuite> <!-- pagesTestCasesYasasiiWeb.FO_ADT_AdmissionEditTestcaseYW -->
