<?xml version="1.0" encoding="UTF-8"?>
<!-- Generated by org.testng.reporters.JUnitReportReporter -->
<testsuite hostname="KI54" failures="0" tests="1" name="pagesTestCasesYasasiiWeb.MastersLocationMasterTestCaseYW" time="19.923" errors="0" timestamp="2022-06-23T15:36:51 IST" skipped="0">
  <testcase classname="pagesTestCasesYasasiiWeb.MastersLocationMasterTestCaseYW" name="ERBirth" time="19.923"/>
  <system-out/>
</testsuite> <!-- pagesTestCasesYasasiiWeb.MastersLocationMasterTestCaseYW -->
