<?xml version="1.0" encoding="UTF-8"?>
<!-- Generated by org.testng.reporters.JUnitReportReporter -->
<testsuite hostname="KI54" failures="0" tests="1" name="pagesTestCasesYasasiiWeb.ERPatientTestCasesYW" time="47.744" errors="0" timestamp="2022-08-23T11:45:56 IST" skipped="0">
  <testcase classname="pagesTestCasesYasasiiWeb.ERPatientTestCasesYW" name="addERReg" time="47.744"/>
  <system-out/>
</testsuite> <!-- pagesTestCasesYasasiiWeb.ERPatientTestCasesYW -->
