<?xml version="1.0" encoding="UTF-8"?>
<!-- Generated by org.testng.reporters.JUnitReportReporter -->
<testsuite hostname="KI54" failures="0" tests="1" name="pagesTestCasesYasasiiWeb.FO_Copay_TestCaseYW" time="75.951" errors="0" timestamp="2022-08-22T17:25:36 IST" skipped="0">
  <testcase classname="pagesTestCasesYasasiiWeb.FO_Copay_TestCaseYW" name="copay" time="75.951"/>
  <system-out/>
</testsuite> <!-- pagesTestCasesYasasiiWeb.FO_Copay_TestCaseYW -->
