<?xml version="1.0" encoding="UTF-8"?>
<!-- Generated by org.testng.reporters.JUnitReportReporter -->
<testsuite hostname="KI54" failures="0" tests="2" name="pagesTestCasesYasasiiWeb.IVPanelServiceTestCaseYW" time="426.422" errors="0" timestamp="2022-07-26T15:00:46 IST" skipped="0">
  <testcase classname="pagesTestCasesYasasiiWeb.IVPanelServiceTestCaseYW" name="IVPanel1" time="39.112"/>
  <system-out/>
  <testcase classname="pagesTestCasesYasasiiWeb.IVPanelServiceTestCaseYW" name="IVPanel" time="387.310"/>
  <system-out/>
</testsuite> <!-- pagesTestCasesYasasiiWeb.IVPanelServiceTestCaseYW -->
