<?xml version="1.0" encoding="UTF-8"?>
<!-- Generated by org.testng.reporters.JUnitReportReporter -->
<testsuite hostname="KI54" failures="0" tests="1" name="pagesTestCasesYasasiiWeb.FO_AppoinmentCreationTestCasesYW" time="62.378" errors="0" timestamp="2022-08-10T15:05:27 IST" skipped="0">
  <testcase classname="pagesTestCasesYasasiiWeb.FO_AppoinmentCreationTestCasesYW" name="FOAppoinment" time="62.378"/>
  <system-out/>
</testsuite> <!-- pagesTestCasesYasasiiWeb.FO_AppoinmentCreationTestCasesYW -->
