<?xml version="1.0" encoding="UTF-8"?>
<!-- Generated by org.testng.reporters.JUnitReportReporter -->
<testsuite hostname="KI54" failures="0" tests="1" name="pagesTestCasesYasasiiWeb.SP5_FO_BillCancel_Refund_TestCaseYW" time="190.210" errors="0" timestamp="2022-09-23T10:00:30 IST" skipped="0">
  <testcase classname="pagesTestCasesYasasiiWeb.SP5_FO_BillCancel_Refund_TestCaseYW" name="patreg" time="190.210"/>
  <system-out/>
</testsuite> <!-- pagesTestCasesYasasiiWeb.SP5_FO_BillCancel_Refund_TestCaseYW -->
