<?xml version="1.0" encoding="UTF-8"?>
<!-- Generated by org.testng.reporters.JUnitReportReporter -->
<testsuite hostname="KI54" failures="0" tests="2" name="pagesTestCasesYasasiiWeb.EnhancedERWorkflow_TestCaseYW" time="221.238" errors="0" timestamp="2022-08-19T12:29:02 IST" skipped="0">
  <testcase classname="pagesTestCasesYasasiiWeb.EnhancedERWorkflow_TestCaseYW" name="cpoeADMNSTN" time="52.804"/>
  <system-out/>
  <testcase classname="pagesTestCasesYasasiiWeb.EnhancedERWorkflow_TestCaseYW" name="doctor" time="168.434"/>
  <system-out/>
</testsuite> <!-- pagesTestCasesYasasiiWeb.EnhancedERWorkflow_TestCaseYW -->
