<?xml version="1.0" encoding="UTF-8"?>
<!-- Generated by org.testng.reporters.JUnitReportReporter -->
<testsuite hostname="KI54" failures="0" tests="1" name="pagesTestCasesYasasiiWeb.MastersScheduleSettingsTestCasesYW" time="24.192" errors="0" timestamp="2022-06-23T15:41:21 IST" skipped="0">
  <testcase classname="pagesTestCasesYasasiiWeb.MastersScheduleSettingsTestCasesYW" name="Schedulesettings" time="24.192"/>
  <system-out/>
</testsuite> <!-- pagesTestCasesYasasiiWeb.MastersScheduleSettingsTestCasesYW -->
