<?xml version="1.0" encoding="UTF-8"?>
<!-- Generated by org.testng.reporters.JUnitReportReporter -->
<testsuite hostname="KI54" failures="0" tests="1" name="pagesTestCasesYasasiiWeb.patientREG_Enconterverification_TestcaseYW" time="246.237" errors="0" timestamp="2022-08-12T10:26:25 IST" skipped="0">
  <testcase classname="pagesTestCasesYasasiiWeb.patientREG_Enconterverification_TestcaseYW" name="patientREG" time="246.237"/>
  <system-out/>
</testsuite> <!-- pagesTestCasesYasasiiWeb.patientREG_Enconterverification_TestcaseYW -->
