<?xml version="1.0" encoding="UTF-8"?>
<!-- Generated by org.testng.reporters.JUnitReportReporter -->
<testsuite hostname="KI54" failures="0" tests="1" name="pagesTestCasesYasasiiWeb.Masters_CategoryMaster_TestCaseYW" time="38.017" errors="0" timestamp="2022-08-10T15:15:17 IST" skipped="0">
  <testcase classname="pagesTestCasesYasasiiWeb.Masters_CategoryMaster_TestCaseYW" name="ERBirth" time="38.017"/>
  <system-out/>
</testsuite> <!-- pagesTestCasesYasasiiWeb.Masters_CategoryMaster_TestCaseYW -->
