<?xml version="1.0" encoding="UTF-8"?>
<!-- Generated by org.testng.reporters.JUnitReportReporter -->
<testsuite hostname="KI54" failures="0" tests="2" name="pagesTestCasesYasasiiWeb.EMR_RoomAllocationNurseAcceptanceTestCasesYW" time="115.432" errors="0" timestamp="2022-08-11T09:12:20 IST" skipped="0">
  <testcase classname="pagesTestCasesYasasiiWeb.EMR_RoomAllocationNurseAcceptanceTestCasesYW" name="foReg" time="26.077"/>
  <system-out/>
  <testcase classname="pagesTestCasesYasasiiWeb.EMR_RoomAllocationNurseAcceptanceTestCasesYW" name="tranfer" time="89.355"/>
  <system-out/>
</testsuite> <!-- pagesTestCasesYasasiiWeb.EMR_RoomAllocationNurseAcceptanceTestCasesYW -->
