<?xml version="1.0" encoding="UTF-8"?>
<!-- Generated by org.testng.reporters.JUnitReportReporter -->
<testsuite hostname="KI54" failures="0" tests="1" name="pagesTestCasesYasasiiWeb.EMRADTTestCasesYW" time="35.360" errors="0" timestamp="2022-08-11T17:17:41 IST" skipped="0">
  <testcase classname="pagesTestCasesYasasiiWeb.EMRADTTestCasesYW" name="EMRADT" time="35.360"/>
  <system-out/>
</testsuite> <!-- pagesTestCasesYasasiiWeb.EMRADTTestCasesYW -->
