<?xml version="1.0" encoding="UTF-8"?>
<!-- Generated by org.testng.reporters.JUnitReportReporter -->
<testsuite hostname="KI54" failures="0" tests="1" name="pagesTestCasesYasasiiWeb.Security_UserCreationTestcaseYW" time="109.259" errors="0" timestamp="2022-08-23T14:46:25 IST" skipped="0">
  <testcase classname="pagesTestCasesYasasiiWeb.Security_UserCreationTestcaseYW" name="ERBirth" time="109.259"/>
  <system-out/>
</testsuite> <!-- pagesTestCasesYasasiiWeb.Security_UserCreationTestcaseYW -->
