<?xml version="1.0" encoding="UTF-8"?>
<!-- Generated by org.testng.reporters.JUnitReportReporter -->
<testsuite hostname="KI54" failures="0" tests="2" name="pagesTestCasesYasasiiWeb.IVRepeatTestTestCaseYW" time="529.020" errors="0" timestamp="2022-07-26T15:00:43 IST" skipped="0">
  <testcase classname="pagesTestCasesYasasiiWeb.IVRepeatTestTestCaseYW" name="IVRepeat1" time="56.530"/>
  <system-out/>
  <testcase classname="pagesTestCasesYasasiiWeb.IVRepeatTestTestCaseYW" name="IVRepeat" time="472.490"/>
  <system-out/>
</testsuite> <!-- pagesTestCasesYasasiiWeb.IVRepeatTestTestCaseYW -->
