<?xml version="1.0" encoding="UTF-8"?>
<!-- Generated by org.testng.reporters.JUnitReportReporter -->
<testsuite hostname="KI54" failures="0" tests="1" name="pagesTestCasesYasasiiWeb.MastersServiceTestCasesYW" time="125.704" errors="0" timestamp="2022-06-23T15:36:53 IST" skipped="0">
  <testcase classname="pagesTestCasesYasasiiWeb.MastersServiceTestCasesYW" name="addservice" time="125.704"/>
  <system-out/>
</testsuite> <!-- pagesTestCasesYasasiiWeb.MastersServiceTestCasesYW -->
