<?xml version="1.0" encoding="UTF-8"?>
<!-- Generated by org.testng.reporters.JUnitReportReporter -->
<testsuite hostname="KI54" failures="0" tests="1" name="pagesTestCasesYasasiiWeb.FO_MouseHoveringonOP_Testcases_YW" time="93.758" errors="0" timestamp="2022-08-19T12:53:32 IST" skipped="0">
  <testcase classname="pagesTestCasesYasasiiWeb.FO_MouseHoveringonOP_Testcases_YW" name="mouseOver" time="93.758"/>
  <system-out/>
</testsuite> <!-- pagesTestCasesYasasiiWeb.FO_MouseHoveringonOP_Testcases_YW -->
