<?xml version="1.0" encoding="UTF-8"?>
<!-- Generated by org.testng.reporters.JUnitReportReporter -->
<testsuite hostname="KI54" failures="0" tests="1" name="pagesTestCasesYasasiiWeb.EMRNurseNotTestCasesYasasiiWeb" time="127.636" errors="0" timestamp="2022-07-29T13:43:30 IST" skipped="0">
  <testcase classname="pagesTestCasesYasasiiWeb.EMRNurseNotTestCasesYasasiiWeb" name="NurseNote" time="127.636"/>
  <system-out/>
</testsuite> <!-- pagesTestCasesYasasiiWeb.EMRNurseNotTestCasesYasasiiWeb -->
