<?xml version="1.0" encoding="UTF-8"?>
<!-- Generated by org.testng.reporters.JUnitReportReporter -->
<testsuite hostname="KI54" failures="0" tests="1" name="pagesTestCasesYasasiiWeb.EMRJuniorSeniorDoctorVerificationTestCasesYW" time="91.512" errors="0" timestamp="2022-08-24T15:47:25 IST" skipped="0">
  <testcase classname="pagesTestCasesYasasiiWeb.EMRJuniorSeniorDoctorVerificationTestCasesYW" name="NurseNote" time="91.512"/>
  <system-out/>
</testsuite> <!-- pagesTestCasesYasasiiWeb.EMRJuniorSeniorDoctorVerificationTestCasesYW -->
