<?xml version="1.0" encoding="UTF-8"?>
<!-- Generated by org.testng.reporters.JUnitReportReporter -->
<testsuite hostname="KI54" failures="0" tests="1" name="pagesTestCasesYasasiiWeb.MastersResourceMasterTestCasesYW" time="54.180" errors="0" timestamp="2022-09-03T13:51:07 IST" skipped="0">
  <testcase classname="pagesTestCasesYasasiiWeb.MastersResourceMasterTestCasesYW" name="ResMaster" time="54.180"/>
  <system-out/>
</testsuite> <!-- pagesTestCasesYasasiiWeb.MastersResourceMasterTestCasesYW -->
