<?xml version="1.0" encoding="UTF-8"?>
<!-- Generated by org.testng.reporters.JUnitReportReporter -->
<testsuite hostname="KI54" failures="0" tests="1" name="pagesTestCasesYasasiiWeb.Security_LogViewTestCaseYW" time="16.450" errors="0" timestamp="2022-08-24T11:04:26 IST" skipped="0">
  <testcase classname="pagesTestCasesYasasiiWeb.Security_LogViewTestCaseYW" name="security" time="16.450"/>
  <system-out/>
</testsuite> <!-- pagesTestCasesYasasiiWeb.Security_LogViewTestCaseYW -->
