<?xml version="1.0" encoding="UTF-8"?>
<!-- Generated by org.testng.reporters.JUnitReportReporter -->
<testsuite hostname="KI54" failures="0" tests="1" name="pagesTestCasesYasasiiWeb.SP5_InventoryTestCase" time="8.066" errors="0" timestamp="2022-09-01T10:14:23 IST" skipped="0">
  <testcase classname="pagesTestCasesYasasiiWeb.SP5_InventoryTestCase" name="inventoryFlow" time="8.066"/>
  <system-out/>
</testsuite> <!-- pagesTestCasesYasasiiWeb.SP5_InventoryTestCase -->
