<?xml version="1.0" encoding="UTF-8"?>
<!-- Generated by org.testng.reporters.JUnitReportReporter -->
<testsuite hostname="KI54" failures="0" tests="1" name="pagesTestCasesYasasiiWeb.BlockandFreezeTestCasesYW" time="267.751" errors="0" timestamp="2022-09-23T10:59:38 IST" skipped="0">
  <testcase classname="pagesTestCasesYasasiiWeb.BlockandFreezeTestCasesYW" name="OPEMR" time="267.751"/>
  <system-out/>
</testsuite> <!-- pagesTestCasesYasasiiWeb.BlockandFreezeTestCasesYW -->
