<?xml version="1.0" encoding="UTF-8"?>
<!-- Generated by org.testng.reporters.JUnitReportReporter -->
<testsuite hostname="KI54" failures="0" tests="1" name="pagesTestCasesYasasiiWeb.FO_queueDisplayTestCasesYW" time="73.229" errors="0" timestamp="2022-08-11T13:54:04 IST" skipped="0">
  <testcase classname="pagesTestCasesYasasiiWeb.FO_queueDisplayTestCasesYW" name="queuemaster" time="73.229"/>
  <system-out/>
</testsuite> <!-- pagesTestCasesYasasiiWeb.FO_queueDisplayTestCasesYW -->
