<?xml version="1.0" encoding="UTF-8"?>
<!-- Generated by org.testng.reporters.JUnitReportReporter -->
<testsuite hostname="KI54" failures="0" tests="1" name="pagesTestCasesYasasiiWeb.EMR_VitalSignCategoryTestCaseYW" time="24.024" errors="0" timestamp="2022-06-23T15:36:54 IST" skipped="0">
  <testcase classname="pagesTestCasesYasasiiWeb.EMR_VitalSignCategoryTestCaseYW" name="emrvitals" time="24.024"/>
  <system-out/>
</testsuite> <!-- pagesTestCasesYasasiiWeb.EMR_VitalSignCategoryTestCaseYW -->
