<?xml version="1.0" encoding="UTF-8"?>
<!-- Generated by org.testng.reporters.JUnitReportReporter -->
<testsuite hostname="KI54" failures="0" tests="1" name="pagesTestCasesYasasiiWeb.MastersDisplayOrderTestCasesYW" time="15.637" errors="0" timestamp="2022-06-23T15:36:55 IST" skipped="0">
  <testcase classname="pagesTestCasesYasasiiWeb.MastersDisplayOrderTestCasesYW" name="displayorder" time="15.637"/>
  <system-out/>
</testsuite> <!-- pagesTestCasesYasasiiWeb.MastersDisplayOrderTestCasesYW -->
