<?xml version="1.0" encoding="UTF-8"?>
<!-- Generated by org.testng.reporters.JUnitReportReporter -->
<testsuite hostname="KI54" failures="0" tests="2" name="pagesTestCasesYasasiiWeb.FOFollowUpNoteTestcaseYW" time="109.922" errors="0" timestamp="2022-08-24T15:41:54 IST" skipped="0">
  <testcase classname="pagesTestCasesYasasiiWeb.FOFollowUpNoteTestcaseYW" name="FOfollowup" time="34.835"/>
  <system-out/>
  <testcase classname="pagesTestCasesYasasiiWeb.FOFollowUpNoteTestcaseYW" name="EMRFollowup" time="75.087"/>
  <system-out/>
</testsuite> <!-- pagesTestCasesYasasiiWeb.FOFollowUpNoteTestcaseYW -->
