<?xml version="1.0" encoding="UTF-8"?>
<!-- Generated by org.testng.reporters.JUnitReportReporter -->
<testsuite hostname="KI54" failures="0" tests="1" name="pagesTestCasesYasasiiWeb.Security_PrivilegeViewTestCasesYW" time="32.441" errors="0" timestamp="2022-08-24T10:57:01 IST" skipped="0">
  <testcase classname="pagesTestCasesYasasiiWeb.Security_PrivilegeViewTestCasesYW" name="OPEMR" time="32.441"/>
  <system-out/>
</testsuite> <!-- pagesTestCasesYasasiiWeb.Security_PrivilegeViewTestCasesYW -->
