<?xml version="1.0" encoding="UTF-8"?>
<!-- Generated by org.testng.reporters.JUnitReportReporter -->
<testsuite hostname="KI54" failures="0" tests="1" name="pagesTestCasesYasasiiWeb.EMR_notesAuthorizationOfSeniorByJrDrTestCaseYW" time="94.115" errors="0" timestamp="2022-07-01T15:58:37 IST" skipped="0">
  <testcase classname="pagesTestCasesYasasiiWeb.EMR_notesAuthorizationOfSeniorByJrDrTestCaseYW" name="EMRscreen" time="94.115"/>
  <system-out/>
</testsuite> <!-- pagesTestCasesYasasiiWeb.EMR_notesAuthorizationOfSeniorByJrDrTestCaseYW -->
