<?xml version="1.0" encoding="UTF-8"?>
<!-- Generated by org.testng.reporters.JUnitReportReporter -->
<testsuite hostname="KI54" failures="0" tests="1" name="pagesTestCasesYasasiiWeb.MastersResourceMasterTestCasesYW" time="54.995" errors="0" timestamp="2022-08-11T10:41:24 IST" skipped="0">
  <testcase classname="pagesTestCasesYasasiiWeb.MastersResourceMasterTestCasesYW" name="ResMaster" time="54.995"/>
  <system-out/>
</testsuite> <!-- pagesTestCasesYasasiiWeb.MastersResourceMasterTestCasesYW -->
