<?xml version="1.0" encoding="UTF-8"?>
<!-- Generated by org.testng.reporters.JUnitReportReporter -->
<testsuite hostname="KI54" failures="0" tests="1" name="pagesTestCasesYasasiiWeb.FO_IPEnquiryAndStayPassTestCaseYW" time="45.603" errors="0" timestamp="2022-08-10T16:42:18 IST" skipped="0">
  <testcase classname="pagesTestCasesYasasiiWeb.FO_IPEnquiryAndStayPassTestCaseYW" name="displayorder" time="45.603"/>
  <system-out/>
</testsuite> <!-- pagesTestCasesYasasiiWeb.FO_IPEnquiryAndStayPassTestCaseYW -->
