<?xml version="1.0" encoding="UTF-8"?>
<!-- Generated by org.testng.reporters.JUnitReportReporter -->
<testsuite hostname="KI54" failures="0" tests="1" name="pagesTestCasesYasasiiWeb.FOFullRegTestCasesYW" time="123.250" errors="0" timestamp="2022-08-23T11:13:36 IST" skipped="0">
  <testcase classname="pagesTestCasesYasasiiWeb.FOFullRegTestCasesYW" name="addFOFullReg" time="123.250"/>
  <system-out/>
</testsuite> <!-- pagesTestCasesYasasiiWeb.FOFullRegTestCasesYW -->
