<?xml version="1.0" encoding="UTF-8"?>
<!-- Generated by org.testng.reporters.JUnitReportReporter -->
<testsuite hostname="KI54" failures="0" tests="2" name="pagesTestCasesYasasiiWeb.IP_REferral_TestCaseYW" time="134.932" errors="0" timestamp="2022-08-17T16:24:47 IST" skipped="0">
  <testcase classname="pagesTestCasesYasasiiWeb.IP_REferral_TestCaseYW" name="patientreg" time="31.754"/>
  <system-out/>
  <testcase classname="pagesTestCasesYasasiiWeb.IP_REferral_TestCaseYW" name="ref" time="103.178"/>
  <system-out/>
</testsuite> <!-- pagesTestCasesYasasiiWeb.IP_REferral_TestCaseYW -->
