<?xml version="1.0" encoding="UTF-8"?>
<!-- Generated by org.testng.reporters.JUnitReportReporter -->
<testsuite hostname="KI54" failures="0" tests="1" name="pagesTestCasesYasasiiWeb.MastersGenericTestCasesYW" time="54.722" errors="0" timestamp="2022-07-29T13:08:30 IST" skipped="0">
  <testcase classname="pagesTestCasesYasasiiWeb.MastersGenericTestCasesYW" name="addgenericmaster" time="54.722"/>
  <system-out/>
</testsuite> <!-- pagesTestCasesYasasiiWeb.MastersGenericTestCasesYW -->
