<?xml version="1.0" encoding="UTF-8"?>
<!-- Generated by org.testng.reporters.JUnitReportReporter -->
<testsuite hostname="KI54" failures="0" tests="1" name="pagesTestCasesYasasiiWeb.SP5_MISReport_AdmissionDischarge_TestCase" time="148.040" errors="0" timestamp="2022-09-23T11:05:21 IST" skipped="0">
  <testcase classname="pagesTestCasesYasasiiWeb.SP5_MISReport_AdmissionDischarge_TestCase" name="ADTreport" time="148.040"/>
  <system-out/>
</testsuite> <!-- pagesTestCasesYasasiiWeb.SP5_MISReport_AdmissionDischarge_TestCase -->
