<?xml version="1.0" encoding="UTF-8"?>
<!-- Generated by org.testng.reporters.JUnitReportReporter -->
<testsuite hostname="KI54" failures="0" tests="1" name="pagesTestCasesYasasiiWeb.FO_OPnewReservation_TestCaseYW" time="68.428" errors="0" timestamp="2022-08-19T09:42:28 IST" skipped="0">
  <testcase classname="pagesTestCasesYasasiiWeb.FO_OPnewReservation_TestCaseYW" name="reservation" time="68.428"/>
  <system-out/>
</testsuite> <!-- pagesTestCasesYasasiiWeb.FO_OPnewReservation_TestCaseYW -->
