<?xml version="1.0" encoding="UTF-8"?>
<!-- Generated by org.testng.reporters.JUnitReportReporter -->
<testsuite hostname="KI54" failures="0" tests="1" name="pagesTestCasesYasasiiWeb.MastersVitalSignsMeasurementTestCasesYW" time="43.268" errors="0" timestamp="2022-08-23T11:52:27 IST" skipped="0">
  <testcase classname="pagesTestCasesYasasiiWeb.MastersVitalSignsMeasurementTestCasesYW" name="Vital" time="43.268"/>
  <system-out/>
</testsuite> <!-- pagesTestCasesYasasiiWeb.MastersVitalSignsMeasurementTestCasesYW -->
