<?xml version="1.0" encoding="UTF-8"?>
<!-- Generated by org.testng.reporters.JUnitReportReporter -->
<testsuite hostname="KI54" failures="0" tests="1" name="pagesTestCasesYasasiiWeb.EMR_ChecklistTestCaseYW" time="24.492" errors="0" timestamp="2022-08-24T11:14:32 IST" skipped="0">
  <testcase classname="pagesTestCasesYasasiiWeb.EMR_ChecklistTestCaseYW" name="ERBirth" time="24.492"/>
  <system-out/>
</testsuite> <!-- pagesTestCasesYasasiiWeb.EMR_ChecklistTestCaseYW -->
