<?xml version="1.0" encoding="UTF-8"?>
<!-- Generated by org.testng.reporters.JUnitReportReporter -->
<testsuite hostname="KI54" failures="0" tests="1" name="pagesTestCasesYasasiiWeb.Masters_QQueueMaster_TestCasesYW" time="23.834" errors="0" timestamp="2022-08-11T13:38:40 IST" skipped="0">
  <testcase classname="pagesTestCasesYasasiiWeb.Masters_QQueueMaster_TestCasesYW" name="queue" time="23.834"/>
  <system-out/>
</testsuite> <!-- pagesTestCasesYasasiiWeb.Masters_QQueueMaster_TestCasesYW -->
