<?xml version="1.0" encoding="UTF-8"?>
<!-- Generated by org.testng.reporters.JUnitReportReporter -->
<testsuite hostname="KI54" failures="0" tests="2" name="pagesTestCasesYasasiiWeb.SP5_InventoryTestCase" time="552.455" errors="0" timestamp="2022-09-15T15:24:10 IST" skipped="0">
  <testcase classname="pagesTestCasesYasasiiWeb.SP5_InventoryTestCase" name="inventoryFlow1" time="58.025"/>
  <system-out/>
  <testcase classname="pagesTestCasesYasasiiWeb.SP5_InventoryTestCase" name="inventoryFlow" time="494.430"/>
  <system-out/>
</testsuite> <!-- pagesTestCasesYasasiiWeb.SP5_InventoryTestCase -->
