<?xml version="1.0" encoding="UTF-8"?>
<!-- Generated by org.testng.reporters.JUnitReportReporter -->
<testsuite hostname="KI54" failures="0" tests="1" name="pagesTestCasesYasasiiWeb.MastersRecommendDoseYW" time="53.013" errors="0" timestamp="2022-07-01T12:54:07 IST" skipped="0">
  <testcase classname="pagesTestCasesYasasiiWeb.MastersRecommendDoseYW" name="recDose" time="53.013"/>
  <system-out/>
</testsuite> <!-- pagesTestCasesYasasiiWeb.MastersRecommendDoseYW -->
