<?xml version="1.0" encoding="UTF-8"?>
<!-- Generated by org.testng.reporters.JUnitReportReporter -->
<testsuite hostname="KI54" failures="0" tests="1" name="pagesTestCasesYasasiiWeb.FO_SingleBill_MultipleServices_TestCases_YW" time="42.062" errors="0" timestamp="2022-08-12T13:29:15 IST" skipped="0">
  <testcase classname="pagesTestCasesYasasiiWeb.FO_SingleBill_MultipleServices_TestCases_YW" name="singleBill" time="42.062"/>
  <system-out/>
</testsuite> <!-- pagesTestCasesYasasiiWeb.FO_SingleBill_MultipleServices_TestCases_YW -->
