<?xml version="1.0" encoding="UTF-8"?>
<!-- Generated by org.testng.reporters.JUnitReportReporter -->
<testsuite hostname="KI54" failures="0" tests="2" name="pagesTestCasesYasasiiWeb.EMRHomePageYW" time="266.106" errors="0" timestamp="2022-08-16T15:17:25 IST" skipped="0">
  <testcase classname="pagesTestCasesYasasiiWeb.EMRHomePageYW" name="immunology" time="27.685"/>
  <system-out/>
  <testcase classname="pagesTestCasesYasasiiWeb.EMRHomePageYW" name="EMRscreen" time="238.421"/>
  <system-out/>
</testsuite> <!-- pagesTestCasesYasasiiWeb.EMRHomePageYW -->
