<?xml version="1.0" encoding="UTF-8"?>
<!-- Generated by org.testng.reporters.JUnitReportReporter -->
<testsuite hostname="KI54" failures="0" tests="1" name="pagesTestCasesYasasiiWeb.IPAdvancepayBilling_TestCase_YW" time="91.385" errors="0" timestamp="2022-08-20T16:01:25 IST" skipped="0">
  <testcase classname="pagesTestCasesYasasiiWeb.IPAdvancepayBilling_TestCase_YW" name="AdvancePay" time="91.385"/>
  <system-out/>
</testsuite> <!-- pagesTestCasesYasasiiWeb.IPAdvancepayBilling_TestCase_YW -->
