<?xml version="1.0" encoding="UTF-8"?>
<!-- Generated by org.testng.reporters.JUnitReportReporter -->
<testsuite hostname="KI54" failures="0" tests="2" name="pagesTestCasesYasasiiWeb.IVImmunologyTestCaseYW" time="305.324" errors="0" timestamp="2022-07-26T15:00:44 IST" skipped="0">
  <testcase classname="pagesTestCasesYasasiiWeb.IVImmunologyTestCaseYW" name="immunology" time="29.296"/>
  <system-out/>
  <testcase classname="pagesTestCasesYasasiiWeb.IVImmunologyTestCaseYW" name="immunology1" time="276.028"/>
  <system-out/>
</testsuite> <!-- pagesTestCasesYasasiiWeb.IVImmunologyTestCaseYW -->
