<?xml version="1.0" encoding="UTF-8"?>
<!-- Generated by org.testng.reporters.JUnitReportReporter -->
<testsuite hostname="KI54" failures="0" tests="1" name="pagesTestCasesYasasiiWeb.Security_PrivilegeAllocationTestCasesYW" time="25.993" errors="0" timestamp="2022-08-24T10:39:34 IST" skipped="0">
  <testcase classname="pagesTestCasesYasasiiWeb.Security_PrivilegeAllocationTestCasesYW" name="ERBirth" time="25.993"/>
  <system-out/>
</testsuite> <!-- pagesTestCasesYasasiiWeb.Security_PrivilegeAllocationTestCasesYW -->
